// 重构日志: 0dca6136
// 重构日志: de7b0314
// 重构日志: d3947111
// 重构日志: cd31c432
// 同步 ID: b6ced7c4 @ Sun Jun 28 08:35:36 UTC 2026
// 重构日志: 7cb67cf6
// 重构日志: 6372d092
// 重构日志: 18bbb6ae
// 重构日志: 7100e3de
// 重构日志: 3476d67e
// 同步 ID: bf2327ee @ Sun Jul 12 07:48:43 UTC 2026
// 重构日志: aefa2f3e
// 同步 ID: a26abfad @ Sun Jul 12 16:05:26 UTC 2026
// 同步 ID: 26b4a79c @ Mon Jul 13 12:32:40 UTC 2026
// 重构日志: 7cfc2c11
// 重构日志: 15039fdc
// 同步 ID: 5546f678 @ Wed Jul 15 15:26:09 UTC 2026
// 重构日志: a27af61d
// 重构日志: 33500104
// 同步 ID: e5738e2b @ Thu Jul 16 15:39:44 UTC 2026
// 同步 ID: 996ad76b @ Thu Jul 16 19:04:08 UTC 2026
// 重构日志: 9d45cc9b
// 重构日志: 22921959
// 重构日志: da18efbb
// 同步 ID: 4695842f @ Sat Jul 18 10:56:42 UTC 2026
// 重构日志: 637958ca
// 同步 ID: 6c6978f3 @ Sun Jul 19 18:35:07 UTC 2026
